<?xml version="1.0" encoding="UTF-8"?>
<!-- Generated by org.testng.reporters.JUnitXMLReporter -->
<testsuite ignored="0" hostname="LAPTOP-C729B7H6" failures="0" tests="1" name="Test-1" time="9.251" errors="0" timestamp="2025-03-05T15:01:26 IST">
  <testcase classname="inventoryTests.AddProductToCartUsingBaseClass" name="tc_001_addProductToCart" time="0.732"/>
</testsuite> <!-- Test-1 -->
