<?xml version="1.0" encoding="UTF-8"?>
<!-- Generated by org.testng.reporters.JUnitXMLReporter -->
<testsuite ignored="0" hostname="LAPTOP-C729B7H6" failures="0" tests="1" name="Test-chrome" time="9.787" errors="0" timestamp="2025-03-05T15:52:09 IST">
  <testcase classname="inventoryTests.AddProductToCartUsingAssertion" name="tc_001_addProductToCart" time="1.414"/>
</testsuite> <!-- Test-chrome -->
