<?xml version="1.0" encoding="UTF-8"?>
<!-- Generated by org.testng.reporters.JUnitReportReporter -->
<testsuite hostname="LAPTOP-C729B7H6" failures="0" tests="3" name="practice.PriorityAndInvocationCount" time="0.001" errors="0" timestamp="2025-03-04T14:38:07 IST" skipped="0">
  <testcase classname="practice.PriorityAndInvocationCount" name="samp" time="0.001"/>
  <system-out/>
  <testcase classname="practice.PriorityAndInvocationCount" name="samp1" time="0.000"/>
  <system-out/>
  <testcase classname="practice.PriorityAndInvocationCount" name="samp2" time="0.000"/>
  <system-out/>
</testsuite> <!-- practice.PriorityAndInvocationCount -->
