<?xml version="1.0" encoding="UTF-8"?>
<!-- Generated by org.testng.reporters.JUnitReportReporter -->
<testsuite hostname="LAPTOP-C729B7H6" failures="0" tests="1" name="inventoryTests.AddLowestPriceProductToCartTest" time="4.647" errors="0" timestamp="2025-03-04T14:44:27 IST" skipped="0">
  <testcase classname="inventoryTests.AddLowestPriceProductToCartTest" name="tc_002_addLowestProductToCart" time="4.647"/>
  <system-out/>
</testsuite> <!-- inventoryTests.AddLowestPriceProductToCartTest -->
