<?xml version="1.0" encoding="UTF-8"?>
<!-- Generated by org.testng.reporters.JUnitReportReporter -->
<testsuite hostname="LAPTOP-C729B7H6" failures="0" tests="1" name="inventoryTests.AddProductToCartUsingBaseClass" time="4.058" errors="0" timestamp="2025-03-05T15:12:35 IST" skipped="0">
  <testcase classname="inventoryTests.AddProductToCartUsingBaseClass" name="tc_001_addProductToCart" time="4.058"/>
  <system-out/>
</testsuite> <!-- inventoryTests.AddProductToCartUsingBaseClass -->
