<?xml version="1.0" encoding="UTF-8"?>
<!-- Generated by org.testng.reporters.JUnitReportReporter -->
<testsuite hostname="LAPTOP-C729B7H6" failures="0" tests="1" name="inventoryTests.AddProductToCartTest" time="3.938" errors="0" timestamp="2025-03-04T14:44:27 IST" skipped="0">
  <testcase classname="inventoryTests.AddProductToCartTest" name="tc_001_addProductToCart" time="3.938"/>
  <system-out/>
</testsuite> <!-- inventoryTests.AddProductToCartTest -->
