<?xml version="1.0" encoding="UTF-8"?>
<!-- Generated by org.testng.reporters.JUnitReportReporter -->
<testsuite hostname="LAPTOP-C729B7H6" failures="0" tests="1" name="practice.TestNGPractice" time="0.001" errors="0" timestamp="2025-03-04T14:38:07 IST" skipped="0">
  <testcase classname="practice.TestNGPractice" name="sample" time="0.001"/>
  <system-out/>
</testsuite> <!-- practice.TestNGPractice -->
