<?xml version="1.0" encoding="UTF-8"?>
<!-- Generated by org.testng.reporters.JUnitReportReporter -->
<testsuite hostname="LAPTOP-C729B7H6" failures="0" tests="1" name="inventoryTests.AddProductToCartUsingAssertion" time="0.952" errors="0" timestamp="2025-03-10T15:10:07 IST" skipped="0">
  <testcase classname="inventoryTests.AddProductToCartUsingAssertion" name="tc_001_addProductToCart" time="0.952"/>
  <system-out/>
</testsuite> <!-- inventoryTests.AddProductToCartUsingAssertion -->
